<?xml version="1.0" encoding="UTF-8"?>
<!-- Generated by org.testng.reporters.JUnitReportReporter -->
<testsuite hostname="DESKTOP-2F85SA4" failures="0" tests="1" name="com.w2a.testcases.LoginTest" time="0.108" errors="0" timestamp="2019-08-11T20:39:03 EEST" skipped="0">
  <testcase classname="com.w2a.testcases.LoginTest" name="loginAsBankManager" time="0.108"/>
</testsuite> <!-- com.w2a.testcases.LoginTest -->
