<?xml version="1.0" encoding="UTF-8"?>
<!-- Generated by org.testng.reporters.JUnitReportReporter -->
<testsuite hostname="DESKTOP-2F85SA4" failures="0" tests="1" name="com.w2a.testcases.LoginTest" time="3.116" errors="0" timestamp="10 авг. 2019 18:58:12 GMT" skipped="0">
  <testcase classname="com.w2a.testcases.LoginTest" name="loginAsBankManager" time="3.116"/>
</testsuite> <!-- com.w2a.testcases.LoginTest -->
